{"version":3,"sources":["webpack:///../manual/SQL/Indexing-Example.md"],"names":["_frontmatter","layoutProps","MDXLayout","DefaultLayout","MDXContent","components","props","mdxType","parentName","isMDXComponent"],"mappings":"ofAMO,IAAMA,EAAe,Q,gNAE5B,IAKMC,EAAc,CAClBD,gBAEIE,EAAYC,IACH,SAASC,EAAT,GAGZ,IAFDC,EAEC,EAFDA,WACGC,E,oIACF,mBACD,OAAO,YAACJ,EAAD,KAAeD,EAAiBK,EAAhC,CAAuCD,WAAYA,EAAYE,QAAQ,cAG5E,iBAAQ,CACN,GAAM,oBADR,oBAGA,iEACA,iBAAQ,CACN,GAAM,aADR,aAGA,sBACE,kBAAIC,WAAW,MAAK,mBAAGA,WAAW,MAAS,CACvC,KAAQ,+BADQ,eAItB,iBAAQ,CACN,GAAM,oBADR,oBAGA,uBAAK,sBAAMA,WAAW,OAAU,CAC5B,UAAa,iBADZ,kfAsBL,gDACA,uBAAK,sBAAMA,WAAW,OAAU,CAC5B,UAAa,iBADZ,mrBAeL,iBAAQ,CACN,GAAM,iBADR,iBAGA,uBAAK,sBAAMA,WAAW,OAAU,CAC5B,UAAa,iBADZ,kfAsBL,gDACA,uBAAK,sBAAMA,WAAW,OAAU,CAC5B,UAAa,iBADZ,8f,uMAeTJ,EAAWK,gBAAiB","file":"component---manual-sql-indexing-example-md-0c9a9b06daff808d23db.js","sourcesContent":["import React from 'react'\n  /* @jsx mdx */\nimport { mdx } from '@mdx-js/react';\n/* @jsx mdx */\n\nimport DefaultLayout from \"/Users/dennis.okeeffe/Project-Imposter/developer-notes/node_modules/gatsby-theme-docz/src/base/Layout.js\";\nexport const _frontmatter = {};\n\nconst makeShortcode = name => function MDXDefaultShortcode(props) {\n  console.warn(\"Component \" + name + \" was not imported, exported, or provided by MDXProvider as global scope\");\n  return <div {...props} />;\n};\n\nconst layoutProps = {\n  _frontmatter\n};\nconst MDXLayout = DefaultLayout;\nexport default function MDXContent({\n  components,\n  ...props\n}) {\n  return <MDXLayout {...layoutProps} {...props} components={components} mdxType=\"MDXLayout\">\n\n\n    <h1 {...{\n      \"id\": \"indexing-example\"\n    }}>{`Indexing Example`}</h1>\n    <p>{`The following is done on PostgresSQL 12.`}</p>\n    <h2 {...{\n      \"id\": \"resources\"\n    }}>{`Resources`}</h2>\n    <ol>\n      <li parentName=\"ol\"><a parentName=\"li\" {...{\n          \"href\": \"https://www.db-fiddle.com/\"\n        }}>{`DB Fiddle`}</a></li>\n    </ol>\n    <h2 {...{\n      \"id\": \"without-indexing\"\n    }}>{`Without Indexing`}</h2>\n    <pre><code parentName=\"pre\" {...{\n        \"className\": \"language-sql\"\n      }}>{`CREATE TABLE test (\n  id INT,\n  count INT\n);\nINSERT INTO test (id, count) VALUES (1,1);\nINSERT INTO test (id, count) VALUES (2,2);\nINSERT INTO test (id, count) VALUES (3,3);\n\nCREATE TABLE test_two (\n  id INT,\n  count INT\n);\nINSERT INTO test_two (id, count) VALUES (1,1);\nINSERT INTO test_two (id, count) VALUES (2,2);\nINSERT INTO test_two (id, count) VALUES (3,3);\nCREATE INDEX ON test_two(count)\n\nEXPLAIN ANALYZE\nSELECT * FROM test JOIN test_two ON (test.id = test_two.id)\n`}</code></pre>\n    <p>{`The QUERY PLAN returns:`}</p>\n    <pre><code parentName=\"pre\" {...{\n        \"className\": \"language-sql\"\n      }}>{`Merge Join (cost=317.01..711.38 rows=25538 width=16) (actual time=0.050..0.052 rows=3 loops=1)\nMerge Cond: (test.id = test_two.id)\n-> Sort (cost=158.51..164.16 rows=2260 width=8) (actual time=0.029..0.030 rows=3 loops=1)\nSort Key: test.id\nSort Method: quicksort Memory: 25kB\n-> Seq Scan on test (cost=0.00..32.60 rows=2260 width=8) (actual time=0.005..0.005 rows=3 loops=1)\n-> Sort (cost=158.51..164.16 rows=2260 width=8) (actual time=0.018..0.018 rows=3 loops=1)\nSort Key: test_two.id\nSort Method: quicksort Memory: 25kB\n-> Seq Scan on test_two (cost=0.00..32.60 rows=2260 width=8) (actual time=0.006..0.006 rows=3 loops=1)\nPlanning Time: 0.301 ms\nExecution Time: 0.132 ms\n`}</code></pre>\n    <h2 {...{\n      \"id\": \"with-indexing\"\n    }}>{`With Indexing`}</h2>\n    <pre><code parentName=\"pre\" {...{\n        \"className\": \"language-sql\"\n      }}>{`CREATE TABLE test (\n  id INT,\n  count INT\n);\nINSERT INTO test (id, count) VALUES (1,1);\nINSERT INTO test (id, count) VALUES (2,2);\nINSERT INTO test (id, count) VALUES (3,3);\n\nCREATE TABLE test_two (\n  id INT,\n  count INT\n);\nINSERT INTO test_two (id, count) VALUES (1,1);\nINSERT INTO test_two (id, count) VALUES (2,2);\nINSERT INTO test_two (id, count) VALUES (3,3);\nCREATE INDEX ON test_two(count)\n\nEXPLAIN ANALYZE\nSELECT * FROM test JOIN test_two ON (test.id = test_two.id)\n`}</code></pre>\n    <p>{`The QUERY PLAN returns:`}</p>\n    <pre><code parentName=\"pre\" {...{\n        \"className\": \"language-sql\"\n      }}>{`Hash Join (cost=1.07..42.48 rows=34 width=16) (actual time=0.058..0.059 rows=3 loops=1)\nHash Cond: (test.id = test_two.id)\n-> Seq Scan on test (cost=0.00..32.60 rows=2260 width=8) (actual time=0.003..0.004 rows=3 loops=1)\n-> Hash (cost=1.03..1.03 rows=3 width=8) (actual time=0.011..0.011 rows=3 loops=1)\nBuckets: 1024 Batches: 1 Memory Usage: 9kB\n-> Seq Scan on test_two (cost=0.00..1.03 rows=3 width=8) (actual time=0.001..0.002 rows=3 loops=1)\nPlanning Time: 0.443 ms\nExecution Time: 0.121 ms\n`}</code></pre>\n\n    </MDXLayout>;\n}\n;\nMDXContent.isMDXComponent = true;\n      "],"sourceRoot":""}